

HI-TECH Software 8051 Macro Assembler V9.60                                Page 1
                                                       Tue Mar 21 14:54:13 2023

     1                           	psect	idata,class=DATA,space=1,limit=080h
     2                           	psect	irdata,class=DATA,limit=080h
     3                           	global	_msec
     4                           	signat	_msec,4216
     5                           	global	stack_internal
     6                           	psect	text,class=CODE
     7                           	psect	text
     8                           	file	"G:\ÖÈÔÐÎÂ~1\ÌÈ592A~1\ÏÐÀÊÒÈ~1\123\project
                                 1\main.c"
     9                           	line	3
    10  00003                     _msec:
    11  00003  80 33              	j	f1411
    12  00005                     f1410:
    13                           ;main.c: 2: void msec (int x)
    14                           
    15                           ;main.c: 3: {
    16                           
    17                           ;main.c: 4: while(x-->0)
    18                           
    19                           ;	var   _x assigned to ?a_msec+0
    20                           ;_x stored from WR2
    21  00005  8C 2B              	mov	?a_msec+0,r4
    22  00007  8D 2C              	mov	?a_msec+0+1,r5
    23                           	line	4
    24  00009  80 13              	jmp	l3
    25  0000B                     l4:
    26                           ;main.c: 5: {
    27                           
    28                           ;main.c: 6: TH0 = (-10000)>>8;
    29                           
    30                           	line	6
    31  0000B  75 8C D8           	mov	08Ch,#216
    32                           ;main.c: 7: TL0 = -10000;
    33                           
    34                           	line	7
    35  0000E  75 8A F0           	mov	08Ah,#240
    36                           ;main.c: 8: TR0 = 1;
    37                           
    38                           	line	8
    39  00011  D2 8C              	setb	tcon.4
    40                           ;main.c: 9: do;
    41                           
    42                           	line	9
    43  00013                     l8:
    44                           ;main.c: 10: while(TF0==0);
    45                           
    46                           	line	10
    47  00013  30 8D 02           	bnb	tcon.5, u11
    48  00016  80 02              	jmp	u10
    49  00018                     u11:
    50  00018  80 F9              	jmp	l8
    51  0001A                     u10:
    52  0001A                     l7:
    53                           ;main.c: 11: TF0=0;
    54                           
    55                           	line	11
    56  0001A  C2 8D              	clr	tcon.5
    57                           ;main.c: 12: TR0=0;
    58                           
    59                           	line	12
    60  0001C  C2 8C              	clr	tcon.4
    61                           	line	13
    62  0001E                     l3:
    63                           	line	4
    64  0001E  AC 2B              	mov	r4,?a_msec+0
    65  00020  E5 2C              	mov	a,?a_msec+0+1
    66  00022  FD                 	mov	r5,a
    67  00023  15 2C              	dec	?a_msec+0+1
    68  00025  70 02              	jnz	u24
    69  00027  15 2B              	dec	?a_msec+0
    70  00029                     u24:
    71  00029  ED                 	mov	a,r5
    72  0002A  24 FF              	add	a,#low -(1)
    73  0002C  EC                 	mov	a,r4
    74  0002D  64 80              	xrl	a,#80h
    75  0002F  34 7F              	addc	a,#(high -(1))xor 80h
    76  00031  40 02              	bc	u31
    77  00033  80 02              	jmp	u30
    78  00035                     u31:
    79  00035  80 D4              	jmp	l4
    80  00037                     u30:
    81  00037                     l5:
    82                           ;main.c: 13: }
    83                           
    84                           ;main.c: 14: }
    85                           
    86                           	line	14
    87  00037                     l2:
    88  00037  22                 	ret
    89  00038                     f1411:
    90  00038  80 CB              	j	f1410
    91                           	FNSIZE	_msec,2,0
    92                           	global	?a_msec
    93  0000                     f1412	equ	0
    94                           	global	_main
    95                           	signat	_main,88
    96                           	line	17
    97  0003A                     _main:
    98  0003A  02 0111            	j	f1421
    99  0003D                     f1420:
   100                           ;main.c: 16: void main()
   101                           
   102                           ;main.c: 17: {
   103                           
   104                           ;	var   _i assigned to ?a_main+0
   105                           ;	var   _array assigned to ?a_main+2
   106                           ;main.c: 18: int i;
   107                           
   108                           ;main.c: 19: unsigned char array[9];
   109                           
   110                           ;main.c: 20: TMOD=0x2;
   111                           
   112                           	line	20
   113  0003D  75 89 02           	mov	089h,#2
   114                           ;main.c: 21: array[0] = 0x0;
   115                           
   116                           	line	21
   117  00040  75 22  00          	mov	?a_main+2,#0
   118                           ;main.c: 22: array[1] = 0x1;
   119                           
   120                           	line	22
   121  00043  75 23  01          	mov	0+?a_main+2+01h,#1
   122                           ;main.c: 23: array[2] = 0x2;
   123                           
   124                           	line	23
   125  00046  75 24  02          	mov	0+?a_main+2+02h,#2
   126                           ;main.c: 24: array[3] = 0x4;
   127                           
   128                           	line	24
   129  00049  75 25  04          	mov	0+?a_main+2+03h,#4
   130                           ;main.c: 25: array[4] = 0x8;
   131                           
   132                           	line	25
   133  0004C  75 26  08          	mov	0+?a_main+2+04h,#8
   134                           ;main.c: 26: array[5] = 0x10;
   135                           
   136                           	line	26
   137  0004F  75 27  10          	mov	0+?a_main+2+05h,#16
   138                           ;main.c: 27: array[6] = 0x20;
   139                           
   140                           	line	27
   141  00052  75 28  20          	mov	0+?a_main+2+06h,#32
   142                           ;main.c: 28: array[7] = 0x40;
   143                           
   144                           	line	28
   145  00055  75 29  40          	mov	0+?a_main+2+07h,#64
   146                           ;main.c: 29: array[8] = 0x80;
   147                           
   148                           	line	29
   149  00058  75 2A  80          	mov	0+?a_main+2+08h,#128
   150                           ;main.c: 30: P1=array[0];
   151                           
   152                           	line	30
   153  0005B  85 22  90          	mov	090h,?a_main+2
   154                           ;main.c: 31: msec(2);
   155                           
   156                           	FNCALL	_main,_msec
   157                           	line	31
   158  0005E  7C 00              	mov	r4,#high (2)
   159  00060  7D 02              	mov	r5,#low (2)
   160  00062  12 0003            	lcall	_msec
   161                           
   162                           ;main.c: 32: while(1){
   163                           
   164                           	line	32
   165  00065                     l11:
   166                           ;main.c: 33: for(i=1;i<7;i++)
   167                           
   168                           	line	33
   169  00065  75 20  00          	mov	?a_main+0,#high(1)
   170  00068  75 21  01          	mov	?a_main+0+1,#low(1)
   171  0006B  E5 21              	mov	a,?a_main+0+1
   172  0006D  24 F9              	add	a,#low -(7)
   173  0006F  E5 20              	mov	a,?a_main+0
   174  00071  64 80              	xrl	a,#80h
   175  00073  34 7F              	addc	a,#(high -(7))xor 80h
   176  00075  50 02              	bnc	u41
   177  00077  80 02              	jmp	u40
   178  00079                     u41:
   179  00079  80 03              	jmp	l13
   180  0007B                     u40:
   181  0007B  02 010D            	jmp	l14
   182                           	line	34
   183  0007E                     l13:
   184                           ;main.c: 34: {
   185                           
   186                           ;main.c: 35: switch (i)
   187                           
   188                           	line	35
   189  0007E  80 54              	jmp	l17
   190                           ;main.c: 36: {
   191                           
   192                           ;main.c: 37: case (1):{
   193                           
   194                           	line	37
   195  00080                     l18:
   196                           ;main.c: 38: P1=array[3];
   197                           
   198                           	line	38
   199  00080  79 25              	mov	r1,#?a_main+2+03h
   200  00082  87 90              	mov	090h,@r1
   201                           ;main.c: 39: msec(10);
   202                           
   203                           	line	39
   204  00084  7C 00              	mov	r4,#high (10)
   205  00086  7D 0A              	mov	r5,#low (10)
   206  00088  12 0003            	lcall	_msec
   207                           
   208                           ;main.c: 40: }
   209                           
   210                           ;main.c: 41: case (2):{
   211                           
   212                           	line	41
   213  0008B                     l19:
   214                           ;main.c: 42: P1=array[4];
   215                           
   216                           	line	42
   217  0008B  79 26              	mov	r1,#?a_main+2+04h
   218  0008D  87 90              	mov	090h,@r1
   219                           ;main.c: 43: msec(10);
   220                           
   221                           	line	43
   222  0008F  7C 00              	mov	r4,#high (10)
   223  00091  7D 0A              	mov	r5,#low (10)
   224  00093  12 0003            	lcall	_msec
   225                           
   226                           ;main.c: 44: break;
   227                           
   228                           	line	44
   229  00096  80 5C              	jmp	l16
   230                           ;main.c: 45: }
   231                           
   232                           ;main.c: 46: case (3):{
   233                           
   234                           	line	46
   235  00098                     l20:
   236                           ;main.c: 47: P1=array[5];
   237                           
   238                           	line	47
   239  00098  79 27              	mov	r1,#?a_main+2+05h
   240  0009A  87 90              	mov	090h,@r1
   241                           ;main.c: 48: msec(10);
   242                           
   243                           	line	48
   244  0009C  7C 00              	mov	r4,#high (10)
   245  0009E  7D 0A              	mov	r5,#low (10)
   246  000A0  12 0003            	lcall	_msec
   247                           
   248                           ;main.c: 49: break;
   249                           
   250                           	line	49
   251  000A3  80 4F              	jmp	l16
   252                           ;main.c: 50: }
   253                           
   254                           ;main.c: 51: case (4):{
   255                           
   256                           	line	51
   257  000A5                     l21:
   258                           ;main.c: 52: P1=array[6];
   259                           
   260                           	line	52
   261  000A5  79 28              	mov	r1,#?a_main+2+06h
   262  000A7  87 90              	mov	090h,@r1
   263                           ;main.c: 53: msec(10);
   264                           
   265                           	line	53
   266  000A9  7C 00              	mov	r4,#high (10)
   267  000AB  7D 0A              	mov	r5,#low (10)
   268  000AD  12 0003            	lcall	_msec
   269+                          
   270+                          ;main.c: 54: break;
   271+                          
   272+                          	line	54
   273+ 000B0  80 42              	jmp	l16
   274+                          ;main.c: 55: }
   275+                          
   276+                          ;main.c: 56: case (5):{
   277+                          
   278+                          	line	56
   279+ 000B2                     l22:
   280                           ;main.c: 57: P1=array[1]+array[8];
   281                           
   282                           	line	57
   283  000B2  E5 23              	mov	a,0+?a_main+2+01h
   284  000B4  25 2A              	add	a,0+?a_main+2+08h
   285  000B6  F5 90              	mov	090h,a
   286                           ;main.c: 58: msec(40);
   287                           
   288                           	line	58
   289  000B8  7C 00              	mov	r4,#high (40)
   290  000BA  7D 28              	mov	r5,#low (40)
   291  000BC  12 0003            	lcall	_msec
   292                           
   293                           ;main.c: 59: break;
   294                           
   295                           	line	59
   296  000BF  80 33              	jmp	l16
   297                           ;main.c: 60: }
   298                           
   299                           ;main.c: 61: case (6):{
   300                           
   301                           	line	61
   302  000C1                     l23:
   303                           ;main.c: 62: P1=array[2]+array[7];
   304                           
   305                           	line	62
   306  000C1  E5 24              	mov	a,0+?a_main+2+02h
   307  000C3  25 29              	add	a,0+?a_main+2+07h
   308  000C5  F5 90              	mov	090h,a
   309                           ;main.c: 63: msec(60);
   310                           
   311                           	line	63
   312  000C7  7C 00              	mov	r4,#high (60)
   313  000C9  7D 3C              	mov	r5,#low (60)
   314  000CB  12 0003            	lcall	_msec
   315                           
   316                           ;main.c: 64: break;
   317                           
   318                           	line	64
   319  000CE  80 24              	jmp	l16
   320                           ;main.c: 65: }
   321                           
   322                           ;main.c: 66: default: break;
   323                           
   324                           	line	66
   325  000D0                     l24:
   326  000D0  80 22              	jmp	l16
   327                           ;main.c: 67: }
   328                           
   329                           	line	67
   330  000D2  80 20              	jmp	l16
   331                           	line	35
   332  000D4                     l17:
   333  000D4  A8 20              	mov	r0,?a_main+0
   334  000D6  A9 21              	mov	r1,?a_main+0+1
   335  000D8  80 15              	j	l30000
   336  000DA                     l30001:
   337  000DA  E9                 	mov	a,r1
   338  000DB  14                 	dec	a
   339  000DC  60 A2              	bz	l18
   340  000DE  14                 	dec	a
   341  000DF  60 AA              	bz	l19
   342  000E1  14                 	dec	a
   343  000E2  60 B4              	bz	l20
   344  000E4  14                 	dec	a
   345  000E5  60 BE              	bz	l21
   346  000E7  14                 	dec	a
   347  000E8  60 C8              	bz	l22
   348  000EA  14                 	dec	a
   349  000EB  60 D4              	bz	l23
   350  000ED  80 E1              	j	l24
   351  000EF                     l30000:
   352  000EF  E8                 	mov	a,r0
   353  000F0  60 E8              	bz	l30001
   354  000F2  80 DC              	j	l24
   355                           
   356                           	line	67
   357  000F4                     l16:
   358                           	line	33
   359  000F4  05 21              	inc	?a_main+0+1
   360  000F6  E5 21              	mov	a,?a_main+0+1
   361  000F8  70 02              	jnz	u50
   362  000FA  05 20              	inc	?a_main+0
   363  000FC                     u50:
   364  000FC  E5 21              	mov	a,?a_main+0+1
   365  000FE  24 F9              	add	a,#low -(7)
   366  00100  E5 20              	mov	a,?a_main+0
   367  00102  64 80              	xrl	a,#80h
   368  00104  34 7F              	addc	a,#(high -(7))xor 80h
   369  00106  50 02              	bnc	u61
   370  00108  80 03              	jmp	u60
   371  0010A                     u61:
   372  0010A  02 007E            	jmp	l13
   373  0010D                     u60:
   374  0010D                     l14:
   375                           	line	69
   376  0010D                     l10:
   377                           	line	32
   378  0010D  02 0065            	jmp	l11
   379  00110                     l12:
   380                           ;main.c: 68: }
   381                           
   382                           ;main.c: 69: }
   383                           
   384                           ;main.c: 71: }
   385                           
   386                           	line	71
   387  00110                     l9:
   388  00110  22                 	ret
   389  00111                     f1421:
   390  00111  02 003D            	j	f1420
   391                           	FNSIZE	_main,11,0
   392                           	global	?a_main
   393  0000                     f1422	equ	0
   394  0000                     _A10	equ	162
   395  0000                     _A11	equ	163
   396  0000                     _A12	equ	164
   397  0000                     _A13	equ	165
   398  0000                     _A14	equ	166
   399  0000                     _A15	equ	167
   400  0000                     _A8	equ	160
   401  0000                     _A9	equ	161
   402  0000                     _AC	equ	214
   403  0000                     _ACC0	equ	224
   404  0000                     _ACC1	equ	225
   405  0000                     _ACC2	equ	226
   406  0000                     _ACC3	equ	227
   407  0000                     _ACC4	equ	228
   408  0000                     _ACC5	equ	229
   409  0000                     _ACC6	equ	230
   410  0000                     _ACC7	equ	231
   411  0000                     _AD0	equ	128
   412  0000                     _AD1	equ	129
   413  0000                     _AD2	equ	130
   414  0000                     _AD3	equ	131
   415  0000                     _AD4	equ	132
   416  0000                     _AD5	equ	133
   417  0000                     _AD6	equ	134
   418  0000                     _AD7	equ	135
   419  0000                     _B0	equ	240
   420  0000                     _B1	equ	241
   421  0000                     _B2	equ	242
   422  0000                     _B3	equ	243
   423  0000                     _B4	equ	244
   424  0000                     _B5	equ	245
   425  0000                     _B6	equ	246
   426  0000                     _B7	equ	247
   427  0000                     _CY	equ	215
   428  0000                     _EA	equ	175
   429  0000                     _ES	equ	172
   430  0000                     _ET0	equ	169
   431  0000                     _ET1	equ	171
   432  0000                     _EX0	equ	168
   433  0000                     _EX1	equ	170
   434  0000                     _F0	equ	213
   435  0000                     _IE0	equ	137
   436  0000                     _IE1	equ	139
   437  0000                     _INT0	equ	178
   438  0000                     _INT1	equ	179
   439  0000                     _IT0	equ	136
   440  0000                     _IT1	equ	138
   441  0000                     _OV	equ	210
   442  0000                     _P	equ	208
   443  0000                     _P00	equ	128
   444  0000                     _P01	equ	129
   445  0000                     _P02	equ	130
   446  0000                     _P03	equ	131
   447  0000                     _P04	equ	132
   448  0000                     _P05	equ	133
   449  0000                     _P06	equ	134
   450  0000                     _P07	equ	135
   451  0000                     _P10	equ	144
   452  0000                     _P11	equ	145
   453  0000                     _P12	equ	146
   454  0000                     _P13	equ	147
   455  0000                     _P14	equ	148
   456  0000                     _P15	equ	149
   457  0000                     _P16	equ	150
   458  0000                     _P17	equ	151
   459  0000                     _P20	equ	160
   460  0000                     _P21	equ	161
   461  0000                     _P22	equ	162
   462  0000                     _P23	equ	163
   463  0000                     _P24	equ	164
   464  0000                     _P25	equ	165
   465  0000                     _P26	equ	166
   466  0000                     _P27	equ	167
   467  0000                     _P30	equ	176
   468  0000                     _P31	equ	177
   469  0000                     _P32	equ	178
   470  0000                     _P33	equ	179
   471  0000                     _P34	equ	180
   472  0000                     _P35	equ	181
   473  0000                     _P36	equ	182
   474  0000                     _P37	equ	183
   475  0000                     _PS	equ	188
   476  0000                     _PT0	equ	185
   477  0000                     _PT1	equ	187
   478  0000                     _PX0	equ	184
   479  0000                     _PX1	equ	186
   480  0000                     _RB8	equ	154
   481  0000                     _RD	equ	183
   482  0000                     _REN	equ	156
   483  0000                     _RI	equ	152
   484  0000                     _RS0	equ	211
   485  0000                     _RS1	equ	212
   486  0000                     _RXD	equ	176
   487  0000                     _SM0	equ	159
   488  0000                     _SM1	equ	158
   489  0000                     _SM2	equ	157
   490  0000                     _T0	equ	180
   491  0000                     _T1	equ	181
   492  0000                     _TB8	equ	155
   493  0000                     _TF0	equ	141
   494  0000                     _TF1	equ	143
   495  0000                     _TI	equ	153
   496  0000                     _TR0	equ	140
   497  0000                     _TR1	equ	142
   498  0000                     _TXD	equ	177
   499  0000                     _WR	equ	182
   500  0000                     _ACC	equ	224
   501  0000                     _B	equ	240
   502  0000                     _DPH	equ	131
   503  0000                     _DPL	equ	130
   504  0000                     _IE	equ	168
   505  0000                     _IP	equ	184
   506  0000                     _P0	equ	128
   507  0000                     _P1	equ	144
   508  0000                     _P2	equ	160
   509  0000                     _P3	equ	176
   510  0000                     _PCON	equ	135
   511  0000                     _PSW	equ	208
   512  0000                     _SBUF	equ	153
   513  0000                     _SCON	equ	152
   514  0000                     _SP	equ	129
   515  0000                     _TCON	equ	136
   516  0000                     _TH0	equ	140
   517  0000                     _TH1	equ	141
   518  0000                     _TL0	equ	138
   519  0000                     _TL1	equ	139
   520  0000                     _TMOD	equ	137
   521  0000                     _ACC_BITS	equ	224
   522  0000                     _B_BITS	equ	240
   523  0000                     _IE_BITS	equ	168
   524  0000                     _IP_BITS	equ	184
   525  0000                     _P0_BITS	equ	128
   526  0000                     _P1_BITS	equ	144
   527  0000                     _P2_BITS	equ	160
   528  0000                     _P3_BITS	equ	176
   529  0000                     _PCON_BITS	equ	135
   530  0000                     _PSW_BITS	equ	208
   531  0000                     _SCON_BITS	equ	152
   532  0000                     _TCON_BITS	equ	136
   533  0000                     _TMOD_BITS	equ	137


HI-TECH Software 8051 Macro Assembler V9.60                                Page 2
Symbol Table                                           Tue Mar 21 14:54:13 2023

       ?a_main 00020              _B 000F0              l2 00037  
            l3 0001E              l4 0000B              l5 00037  
            _P 000D0              l7 0001A              l8 00013  
            l9 00110         ?a_msec 0002B             _B0 000F0  
           _B1 000F1             _B2 000F2             _B3 000F3  
           _B4 000F4             _B5 000F5             _B6 000F6  
           _A8 000A0             _B7 000F7             _A9 000A1  
           _F0 000D5             _AC 000D6             l10 0010D  
           l11 00065             l12 00110             l20 00098  
           l21 000A5             l13 0007E             l22 000B2  
           l14 0010D             _EA 000AF             l23 000C1  
           l24 000D0             l16 000F4             l17 000D4  
           l18 00080             l19 0008B             _P0 00080  
           _P1 00090             _P2 000A0             _P3 000B0  
           _IE 000A8             _T0 000B4             _T1 000B5  
           _ES 000AC             _CY 000D7             _IP 000B8  
           _RD 000B7             u10 0001A             u11 00018  
           _RI 00098             u30 00037             u31 00035  
           u40 0007B             u24 00029             _TI 00099  
           u41 00079             u50 000FC             _PS 000BC  
           _OV 000D2             u60 0010D             u61 0010A  
           _SP 00081             _WR 000B6         _B_BITS 000F0  
          _A10 000A2            _A11 000A3            _A12 000A4  
          _A13 000A5            _A14 000A6            _A15 000A7  
          _AD0 00080            _AD1 00081            _AD2 00082  
          _AD3 00083            _AD4 00084            _AD5 00085  
          _AD6 00086            _AD7 00087            _ACC 000E0  
          _P00 00080            _P01 00081            _P10 00090  
          _P02 00082            _P11 00091            _P03 00083  
          _P20 000A0            _P12 00092            _P04 00084  
          _P21 000A1            _P13 00093            _P05 00085  
          _P30 000B0            _P22 000A2            _P14 00094  
          _P06 00086            _P31 000B1            _P23 000A3  
          _P15 00095            _P07 00087            _P32 000B2  
          _P24 000A4            _P16 00096            _P33 000B3  
          _P25 000A5            _P17 00097            _P34 000B4  
          _P26 000A6            _P35 000B5            _P27 000A7  
          _P36 000B6            _P37 000B7            _IE0 00089  
          _IE1 0008B            _ET0 000A9            _ET1 000AB  
          _EX0 000A8            _EX1 000AA            _DPH 00083  
          _DPL 00082            _IT0 00088            _IT1 0008A  
          _RB8 0009A            _TF0 0008D            _TB8 0009B  
          _TF1 0008F            _TH0 0008C            _TH1 0008D  
          _SM0 0009F            _SM1 0009E            _TL0 0008A  
          _SM2 0009D            _PT0 000B9            _TL1 0008B  
          _PT1 000BB            _RS0 000D3            _RS1 000D4  
          _REN 0009C            _PX0 000B8            _PX1 000BA  
          _TR0 0008C            _TR1 0008E            _RXD 000B0  
          _PSW 000D0            _TXD 000B1        _P0_BITS 00080  
      _P1_BITS 00090        _P2_BITS 000A0        _P3_BITS 000B0  
      _IE_BITS 000A8       _ACC_BITS 000E0        _IP_BITS 000B8  
         f1410 00005           f1411 00038           f1420 0003D  
         f1412 00000           f1421 00111           f1422 00000  
         _ACC0 000E0           _ACC1 000E1           _ACC2 000E2  
         _ACC3 000E3           _ACC4 000E4           _ACC5 000E5  
         _ACC6 000E6           _ACC7 000E7  stack_internal 00001  
         _INT0 000B2           _INT1 000B3           _PCON 00087  
         _SCON 00098           _SBUF 00099           _TCON 00088  
         _TMOD 00089           _main 0003A           _msec 00003  
        l30000 000EF          l30001 000DA       _PSW_BITS 000D0  
    _PCON_BITS 00087      _SCON_BITS 00098      _TCON_BITS 00088  
    _TMOD_BITS 00089  
